./ns3 run scratch/singlecell_singleue.cc
-- Using default output directory /mnt/c/Users/soumi.s/ns3project/ns-allinone-3.42/ns-3.42/build
-- Proceeding without cmake-format
-- find_external_library: SQLite3 was found.
-- Found Boost: /usr/lib/x86_64-linux-gnu/cmake/Boost-1.83.0/BoostConfig.cmake (found version "1.83.0")  
-- docs: doxygen documentation not enabled due to missing dependencies: doxygen dot dia
-- Failed to locate sphinx-build executable (missing: SPHINX_EXECUTABLE) 
-- docs: sphinx documentation not enabled due to missing dependencies: Sphinx epstopdf pdflatex latexmk convert dvipng dia
-- Processing contrib/ai
-- Found Boost: /usr/lib/x86_64-linux-gnu/cmake/Boost-1.83.0/BoostConfig.cmake (found version "1.83.0") found components: program_options 
-- Python include directories: /usr/include/python3.12
-- Python library directories: /usr/lib/x86_64-linux-gnu
-- Found pybind11: /usr/include (found version "2.11.1")
-- Could NOT find Protobuf (missing: Protobuf_DIR)
-- TensorFlow C library not found, examples using libtensorflow are disabled
-- PyTorch C++ library not found, examples using libtorch are disabled
-- protobuf_generate function not found -> use a local copy from /mnt/c/Users/soumi.s/ns3project/ns-allinone-3.42/ns-3.42/contrib/ai/protobuf-generate.cmake
-- RL-TCP pure C++ example disabled
-- LTE-CQI pure C++ example disabled
-- Processing contrib/nr
-- Processing src/antenna
-- Standard library Bessel function has been found
-- Processing src/aodv
-- Processing src/applications
-- Processing src/bridge
-- Processing src/brite
-- Skipping src/brite
-- Processing src/buildings
-- Processing src/click
-- Skipping src/click
-- Processing src/config-store
-- Processing src/core
-- Boost Units are an optional feature of length.cc.  Ubuntu ships it within the libboost-dev package.  You may need to clean up the CMake cache after installing it to pass this check.
-- Processing src/csma
-- Processing src/csma-layout
-- Processing src/dsdv
-- Processing src/dsr
-- Processing src/energy
-- Processing src/fd-net-device
-- Checking for module 'libdpdk'
--   Package 'libdpdk', required by 'virtual:world', not found
-- Processing src/flow-monitor
-- Processing src/internet
-- Processing src/internet-apps
-- Processing src/lr-wpan
-- Processing src/lte
-- Processing src/mesh
-- Processing src/mobility
-- Processing src/netanim
-- Processing src/network
-- Processing src/nix-vector-routing
-- Processing src/olsr
-- Processing src/openflow
-- Skipping src/openflow
-- Processing src/point-to-point
-- Processing src/point-to-point-layout
-- Processing src/propagation
-- Processing src/sixlowpan
-- Processing src/spectrum
-- Processing src/stats
-- Processing src/tap-bridge
-- Processing src/test
-- Processing src/topology-read
-- Processing src/traffic-control
-- Processing src/uan
-- Processing src/virtual-net-device
-- Processing src/wifi
-- Processing src/wimax
-- ---- Summary of ns-3 settings:
Build profile                 : default
Build directory               : /mnt/c/Users/soumi.s/ns3project/ns-allinone-3.42/ns-3.42/build
Build with runtime asserts    : ON
Build with runtime logging    : ON
Build version embedding       : OFF (not requested)
BRITE Integration             : OFF (Missing headers: "Brite.h" and missing libraries: "brite")
DES Metrics event collection  : OFF (not requested)
DPDK NetDevice                : OFF (not requested)
Emulation FdNetDevice         : ON
Examples                      : ON
File descriptor NetDevice     : ON
GNU Scientific Library (GSL)  : OFF (GSL was not found)
GtkConfigStore                : OFF (Harfbuzz is required by GTK3 and was not found)
LibXml2 support               : ON
MPI Support                   : OFF (not requested)
ns-3 Click Integration        : OFF (Missing headers: "simclick.h" and missing libraries: "nsclick click")
ns-3 OpenFlow Integration     : OFF (Missing headers: "openflow.h" and missing libraries: "openflow")
Netmap emulation FdNetDevice  : OFF (missing dependency)
PyViz visualizer              : OFF (Python Bindings are disabled)
Python Bindings               : OFF (not requested)
SQLite support                : ON
Eigen3 support                : ON
Tap Bridge                    : ON
Tap FdNetDevice               : ON
Tests                         : ON


Modules configured to be built:
ai                        antenna                   aodv
applications              bridge                    buildings
config-store              core                      csma
csma-layout               dsdv                      dsr
energy                    fd-net-device             flow-monitor
internet                  internet-apps             lr-wpan
lte                       mesh                      mobility
netanim                   network                   nix-vector-routing
nr                        olsr                      point-to-point
point-to-point-layout     propagation               sixlowpan
spectrum                  stats                     tap-bridge
test                      topology-read             traffic-control
uan                       virtual-net-device        vr-app
wifi                      wimax

Modules that cannot be built:
brite                     click                     mpi
openflow                  visualizer


-- Configuring done (21.2s)
-- Generating done (33.6s)
-- Build files have been written to: /mnt/c/Users/soumi.s/ns3project/ns-allinone-3.42/ns-3.42/cmake-cache
[0/2] Re-checking globbed directories...
[1/19] Building CXX object contrib/ai/CMakeFiles/libai-obj.dir/model/gym-interface/cpp/ns3-ai-gym-env.cc.o
FAILED: contrib/ai/CMakeFiles/libai-obj.dir/model/gym-interface/cpp/ns3-ai-gym-env.cc.o
/usr/bin/c++ -DEIGEN_MPL2_ONLY -DHAVE_EIGEN3 -DHAVE_LIBXML2 -DHAVE_SQLITE3 -DHAVE_STDINT_H -DNS3_ASSERT_ENABLE -DNS3_BUILD_PROFILE_DEBUG -DNS3_LOG_ENABLE -DPROJECT_SOURCE_PATH=\"/mnt/c/Users/soumi.s/ns3project/ns-allinone-3.42/ns-3.42\" -D__LINUX__ -I/mnt/c/Users/soumi.s/ns3project/ns-allinone-3.42/ns-3.42/build/include -I/usr -I/usr/include/eigen3 -I/usr/include/libxml2 -I/usr/include/python3.12 -Os -g -DNDEBUG -std=c++20 -fPIC   -fno-semantic-interposition -fdiagnostics-color=always -Wall -Wpedantic -MD -MT contrib/ai/CMakeFiles/libai-obj.dir/model/gym-interface/cpp/ns3-ai-gym-env.cc.o -MF contrib/ai/CMakeFiles/libai-obj.dir/model/gym-interface/cpp/ns3-ai-gym-env.cc.o.d -o contrib/ai/CMakeFiles/libai-obj.dir/model/gym-interface/cpp/ns3-ai-gym-env.cc.o -c /mnt/c/Users/soumi.s/ns3project/ns-allinone-3.42/ns-3.42/contrib/ai/model/gym-interface/cpp/ns3-ai-gym-env.cc
In file included from /mnt/c/Users/soumi.s/ns3project/ns-allinone-3.42/ns-3.42/build/include/ns3/ai-module.h:9,
                 from /mnt/c/Users/soumi.s/ns3project/ns-allinone-3.42/ns-3.42/contrib/ai/model/gym-interface/cpp/ns3-ai-gym-interface.h:27,
                 from /mnt/c/Users/soumi.s/ns3project/ns-allinone-3.42/ns-3.42/contrib/ai/model/gym-interface/cpp/ns3-ai-gym-env.cc:24:
/mnt/c/Users/soumi.s/ns3project/ns-allinone-3.42/ns-3.42/build/include/ns3/container.h:1:10: fatal error: /mnt/c/Users/soumi.s/ns3project/ns-allinone-3.42/ns-3.42/contrib/opengym/model/container.h: No such file or directory
    1 | #include "/mnt/c/Users/soumi.s/ns3project/ns-allinone-3.42/ns-3.42/contrib/opengym/model/container.h"
      |          ^~~~~~~~~~~~~~~~~~~~~~~~~~~~~~~~~~~~~~~~~~~~~~~~~~~~~~~~~~~~~~~~~~~~~~~~~~~~~~~~~~~~~~~~~~~~
compilation terminated.
[2/19] Building CXX object contrib/ai/CMakeFiles/libai-obj.dir/model/gym-interface/cpp/ns3-ai-gym-interface.cc.o
FAILED: contrib/ai/CMakeFiles/libai-obj.dir/model/gym-interface/cpp/ns3-ai-gym-interface.cc.o
/usr/bin/c++ -DEIGEN_MPL2_ONLY -DHAVE_EIGEN3 -DHAVE_LIBXML2 -DHAVE_SQLITE3 -DHAVE_STDINT_H -DNS3_ASSERT_ENABLE -DNS3_BUILD_PROFILE_DEBUG -DNS3_LOG_ENABLE -DPROJECT_SOURCE_PATH=\"/mnt/c/Users/soumi.s/ns3project/ns-allinone-3.42/ns-3.42\" -D__LINUX__ -I/mnt/c/Users/soumi.s/ns3project/ns-allinone-3.42/ns-3.42/build/include -I/usr -I/usr/include/eigen3 -I/usr/include/libxml2 -I/usr/include/python3.12 -Os -g -DNDEBUG -std=c++20 -fPIC   -fno-semantic-interposition -fdiagnostics-color=always -Wall -Wpedantic -MD -MT contrib/ai/CMakeFiles/libai-obj.dir/model/gym-interface/cpp/ns3-ai-gym-interface.cc.o -MF contrib/ai/CMakeFiles/libai-obj.dir/model/gym-interface/cpp/ns3-ai-gym-interface.cc.o.d -o contrib/ai/CMakeFiles/libai-obj.dir/model/gym-interface/cpp/ns3-ai-gym-interface.cc.o -c /mnt/c/Users/soumi.s/ns3project/ns-allinone-3.42/ns-3.42/contrib/ai/model/gym-interface/cpp/ns3-ai-gym-interface.cc
In file included from /mnt/c/Users/soumi.s/ns3project/ns-allinone-3.42/ns-3.42/build/include/ns3/ai-module.h:9,
                 from /mnt/c/Users/soumi.s/ns3project/ns-allinone-3.42/ns-3.42/contrib/ai/model/gym-interface/cpp/ns3-ai-gym-interface.h:27,
                 from /mnt/c/Users/soumi.s/ns3project/ns-allinone-3.42/ns-3.42/contrib/ai/model/gym-interface/cpp/ns3-ai-gym-interface.cc:27:
/mnt/c/Users/soumi.s/ns3project/ns-allinone-3.42/ns-3.42/build/include/ns3/container.h:1:10: fatal error: /mnt/c/Users/soumi.s/ns3project/ns-allinone-3.42/ns-3.42/contrib/opengym/model/container.h: No such file or directory
    1 | #include "/mnt/c/Users/soumi.s/ns3project/ns-allinone-3.42/ns-3.42/contrib/opengym/model/container.h"
      |          ^~~~~~~~~~~~~~~~~~~~~~~~~~~~~~~~~~~~~~~~~~~~~~~~~~~~~~~~~~~~~~~~~~~~~~~~~~~~~~~~~~~~~~~~~~~~
compilation terminated.
[6/19] Building CXX object contrib/ai/examples/multi-bss/vr-app/CMakeFiles/libvr-app-obj.dir/model/burst-sink.cc.o
FAILED: contrib/ai/examples/multi-bss/vr-app/CMakeFiles/libvr-app-obj.dir/model/burst-sink.cc.o
/usr/bin/c++ -DEIGEN_MPL2_ONLY -DHAVE_EIGEN3 -DHAVE_LIBXML2 -DHAVE_SQLITE3 -DHAVE_STDINT_H -DNS3_ASSERT_ENABLE -DNS3_BUILD_PROFILE_DEBUG -DNS3_LOG_ENABLE -DPROJECT_SOURCE_PATH=\"/mnt/c/Users/soumi.s/ns3project/ns-allinone-3.42/ns-3.42\" -D__LINUX__ -I/mnt/c/Users/soumi.s/ns3project/ns-allinone-3.42/ns-3.42/build/include -I/usr -I/usr/include/eigen3 -I/usr/include/libxml2 -I/usr/include/python3.12 -Os -g -DNDEBUG -std=c++20 -fPIC   -fno-semantic-interposition -fdiagnostics-color=always -Wall -Wpedantic -MD -MT contrib/ai/examples/multi-bss/vr-app/CMakeFiles/libvr-app-obj.dir/model/burst-sink.cc.o -MF contrib/ai/examples/multi-bss/vr-app/CMakeFiles/libvr-app-obj.dir/model/burst-sink.cc.o.d -o contrib/ai/examples/multi-bss/vr-app/CMakeFiles/libvr-app-obj.dir/model/burst-sink.cc.o -c /mnt/c/Users/soumi.s/ns3project/ns-allinone-3.42/ns-3.42/contrib/ai/examples/multi-bss/vr-app/model/burst-sink.cc
In file included from /mnt/c/Users/soumi.s/ns3project/ns-allinone-3.42/ns-3.42/contrib/ai/examples/multi-bss/vr-app/model/burst-sink.cc:20:
/mnt/c/Users/soumi.s/ns3project/ns-allinone-3.42/ns-3.42/contrib/ai/examples/multi-bss/vr-app/model/burst-sink.h:165:14: error: ‘map’ in namespace ‘std’ does not name a template type
  165 |         std::map<uint16_t, const Ptr<Packet>>
      |              ^~~
/mnt/c/Users/soumi.s/ns3project/ns-allinone-3.42/ns-3.42/contrib/ai/examples/multi-bss/vr-app/model/burst-sink.h:31:1: note: ‘std::map’ is defined in header ‘<map>’; did you forget to ‘#include <map>’?
   30 | #include "ns3/traced-callback.h"
  +++ |+#include <map>
   31 |
In file included from /mnt/c/Users/soumi.s/ns3project/ns-allinone-3.42/ns-3.42/src/core/model/log.h:24,
                 from /mnt/c/Users/soumi.s/ns3project/ns-allinone-3.42/ns-3.42/src/core/model/fatal-error.h:24,
                 from /mnt/c/Users/soumi.s/ns3project/ns-allinone-3.42/ns-3.42/src/core/model/assert.h:53,
                 from /mnt/c/Users/soumi.s/ns3project/ns-allinone-3.42/ns-3.42/build/include/ns3/assert.h:1,
                 from /mnt/c/Users/soumi.s/ns3project/ns-allinone-3.42/ns-3.42/src/network/model/tag-buffer.h:166,
                 from /mnt/c/Users/soumi.s/ns3project/ns-allinone-3.42/ns-3.42/src/network/model/address.h:23,
                 from /mnt/c/Users/soumi.s/ns3project/ns-allinone-3.42/ns-3.42/build/include/ns3/address.h:1,
                 from /mnt/c/Users/soumi.s/ns3project/ns-allinone-3.42/ns-3.42/contrib/ai/examples/multi-bss/vr-app/model/burst-sink.h:23:
/mnt/c/Users/soumi.s/ns3project/ns-allinone-3.42/ns-3.42/contrib/ai/examples/multi-bss/vr-app/model/burst-sink.cc: In member function ‘void ns3::BurstSink::FragmentReceived(BurstHandler&, const ns3::Ptr<ns3::Packet>&, const ns3::Address&, const ns3::Address&)’:
/mnt/c/Users/soumi.s/ns3project/ns-allinone-3.42/ns-3.42/contrib/ai/examples/multi-bss/vr-app/model/burst-sink.cc:251:71: error: ‘struct ns3::BurstSink::BurstHandler’ has no member named ‘m_unorderedFragments’
  251 |                  << ", m_unorderedFragments.size ()=" << burstHandler.m_unorderedFragments.size()
      |                                                                       ^~~~~~~~~~~~~~~~~~~~
/mnt/c/Users/soumi.s/ns3project/ns-allinone-3.42/ns-3.42/src/core/model/log-macros-enabled.h:193:26: note: in definition of macro ‘NS_LOG’
  193 |             std::clog << msg << std::endl;                                                         \
      |                          ^~~
/mnt/c/Users/soumi.s/ns3project/ns-allinone-3.42/ns-3.42/contrib/ai/examples/multi-bss/vr-app/model/burst-sink.cc:248:5: note: in expansion of macro ‘NS_LOG_DEBUG’   
  248 |     NS_LOG_DEBUG("Get BurstHandler for from="
      |     ^~~~~~~~~~~~
/mnt/c/Users/soumi.s/ns3project/ns-allinone-3.42/ns-3.42/contrib/ai/examples/multi-bss/vr-app/model/burst-sink.cc:271:22: error: ‘struct ns3::BurstSink::BurstHandler’ has no member named ‘m_unorderedFragments’
  271 |         burstHandler.m_unorderedFragments.clear();
      |                      ^~~~~~~~~~~~~~~~~~~~
/mnt/c/Users/soumi.s/ns3project/ns-allinone-3.42/ns-3.42/contrib/ai/examples/multi-bss/vr-app/model/burst-sink.cc:294:48: error: ‘struct ns3::BurstSink::BurstHandler’ has no member named ‘m_unorderedFragments’
  294 |             auto nextFragmentIt = burstHandler.m_unorderedFragments.begin();
      |                                                ^~~~~~~~~~~~~~~~~~~~
/mnt/c/Users/soumi.s/ns3project/ns-allinone-3.42/ns-3.42/contrib/ai/examples/multi-bss/vr-app/model/burst-sink.cc:297:34: error: ‘struct ns3::BurstSink::BurstHandler’ has no member named ‘m_unorderedFragments’
  297 |                     burstHandler.m_unorderedFragments.end() && // there are unordered packets
      |                                  ^~~~~~~~~~~~~~~~~~~~
/mnt/c/Users/soumi.s/ns3project/ns-allinone-3.42/ns-3.42/contrib/ai/examples/multi-bss/vr-app/model/burst-sink.cc:309:47: error: ‘struct ns3::BurstSink::BurstHandler’ has no member named ‘m_unorderedFragments’
  309 |                 nextFragmentIt = burstHandler.m_unorderedFragments.erase(nextFragmentIt);
      |                                               ^~~~~~~~~~~~~~~~~~~~
/mnt/c/Users/soumi.s/ns3project/ns-allinone-3.42/ns-3.42/contrib/ai/examples/multi-bss/vr-app/model/burst-sink.cc:317:26: error: ‘struct ns3::BurstSink::BurstHandler’ has no member named ‘m_unorderedFragments’
  317 |             burstHandler.m_unorderedFragments.insert(
      |                          ^~~~~~~~~~~~~~~~~~~~
[11/19] Building CXX object contrib/ai/examples/multi-bss/vr-app/CMakeFiles/libvr-app-obj.dir/model/bursty-application.cc.o
ninja: build stopped: subcommand failed.
